<?xml version="1.0" encoding="utf-8"?><testsuites name="pytest tests"><testsuite name="pytest" errors="0" failures="0" skipped="0" tests="104" time="25.375" timestamp="2026-06-20T08:22:50.171952+09:00" hostname="DESKTOP-VTGD3OT"><testcase classname="tests.integration.test_auth" name="test_login成功でトークン取得" time="0.632" /><testcase classname="tests.integration.test_auth" name="test_login失敗_パスワード誤り" time="0.457" /><testcase classname="tests.integration.test_auth" name="test_認証なしは401" time="0.266" /><testcase classname="tests.integration.test_auth" name="test_me_で現在ユーザー取得" time="0.465" /><testcase classname="tests.integration.test_auth" name="test_ユーザー管理はadmin専用_salesは403" time="0.923" /><testcase classname="tests.integration.test_contracts_billing" name="test_上位下位の作成と紐づけ" time="0.523" /><testcase classname="tests.integration.test_contracts_billing" name="test_請求自動計算_範囲内超過不足" time="0.568" /><testcase classname="tests.integration.test_contracts_billing" name="test_稼働実績はupsert" time="0.524" /><testcase classname="tests.integration.test_contracts_billing" name="test_粗利算出" time="0.543" /><testcase classname="tests.integration.test_contracts_billing" name="test_更新リマインド" time="0.499" /><testcase classname="tests.integration.test_dashboard" name="test_稼働率と待機人数" time="0.501" /><testcase classname="tests.integration.test_dashboard" name="test_空でもエラーにならない" time="0.467" /><testcase classname="tests.integration.test_employees" name="test_社員作成と詳細取得" time="0.487" /><testcase classname="tests.integration.test_employees" name="test_サブリソース追加と集約" time="0.518" /><testcase classname="tests.integration.test_employees" name="test_マイナンバーは平文を返さない" time="0.482" /><testcase classname="tests.integration.test_employees" name="test_在留期限アラート抽出" time="0.485" /><testcase classname="tests.integration.test_employees" name="test_社員個人情報APIはsales不可managerは可_OUT08是正" time="1.337" /><testcase classname="tests.integration.test_engineers" name="test_作成と取得" time="0.488" /><testcase classname="tests.integration.test_engineers" name="test_一覧ページング" time="0.494" /><testcase classname="tests.integration.test_engineers" name="test_ステータスフィルタ" time="0.484" /><testcase classname="tests.integration.test_engineers" name="test_スキルフィルタ" time="0.487" /><testcase classname="tests.integration.test_engineers" name="test_更新" time="0.474" /><testcase classname="tests.integration.test_engineers" name="test_削除" time="0.483" /><testcase classname="tests.integration.test_engineers" name="test_RBAC_salesは他人の登録分を編集不可" time="1.305" /><testcase classname="tests.integration.test_engineers" name="test_RBAC_managerは他人の登録分も編集可" time="1.287" /><testcase classname="tests.integration.test_flows" name="test_IT25_基幹フローE2E" time="0.573" /><testcase classname="tests.integration.test_flows" name="test_IT26_請求確定後は再計算で金額据え置き" time="0.568" /><testcase classname="tests.integration.test_flows" name="test_IT27_稼働実績なしは単価で粗利算出" time="0.498" /><testcase classname="tests.integration.test_flows" name="test_IT28_稼働実績は契約月でupsertされ重複行を作らない" time="0.531" /><testcase classname="tests.integration.test_flows" name="test_IT29_マイナンバーは暗号化保存され平文を返さない" time="0.509" /><testcase classname="tests.integration.test_flows" name="test_IT30_契約作成はsales不可managerは可" time="1.297" /><testcase classname="tests.integration.test_flows" name="test_IT31_社員APIはsales不可_稼働請求は対象外で可_OUT08是正" time="0.925" /><testcase classname="tests.integration.test_flows" name="test_IT32_上位に下位が複数なら支払を合算する_PRE05" time="0.512" /><testcase classname="tests.integration.test_flows" name="test_IT33_無効化されたユーザーのトークンは401" time="0.897" /><testcase classname="tests.integration.test_flows" name="test_IT34_ダッシュボードは請求売上と更新アラートを集計" time="0.519" /><testcase classname="tests.test_billing.TestRange" name="test_範囲内は固定単価" time="0.000" /><testcase classname="tests.test_billing.TestRange" name="test_下限ちょうどは固定単価" time="0.000" /><testcase classname="tests.test_billing.TestRange" name="test_上限ちょうどは固定単価" time="0.000" /><testcase classname="tests.test_billing.TestOvertime" name="test_超過は加算" time="0.000" /><testcase classname="tests.test_billing.TestOvertime" name="test_超過_小数時間" time="0.000" /><testcase classname="tests.test_billing.TestShortage" name="test_不足は控除" time="0.000" /><testcase classname="tests.test_billing.TestShortage" name="test_不足_小数時間" time="0.000" /><testcase classname="tests.test_billing.TestNullSettlement" name="test_精算幅なしは常に固定単価" time="0.000" /><testcase classname="tests.test_billing.TestNullSettlement" name="test_上限のみ設定" time="0.000" /><testcase classname="tests.test_billing.TestNullSettlement" name="test_下限のみ設定" time="0.001" /><testcase classname="tests.test_billing.TestEdge" name="test_金額は0未満にならない" time="0.001" /><testcase classname="tests.test_billing.TestEdge" name="test_超過控除レート0なら固定" time="0.000" /><testcase classname="tests.test_billing.TestEdge" name="test_境界パラメタ[140-600000]" time="0.001" /><testcase classname="tests.test_billing.TestEdge" name="test_境界パラメタ[160-600000]" time="0.000" /><testcase classname="tests.test_billing.TestEdge" name="test_境界パラメタ[180-600000]" time="0.000" /><testcase classname="tests.test_billing.TestEdge" name="test_境界パラメタ[181-603750]" time="0.000" /><testcase classname="tests.test_billing.TestEdge" name="test_境界パラメタ[139-596250]" time="0.000" /><testcase classname="tests.test_billing.TestGrossProfit" name="test_粗利と粗利率" time="0.000" /><testcase classname="tests.test_billing.TestGrossProfit" name="test_売上0なら率はNone" time="0.000" /><testcase classname="tests.test_billing.TestGrossProfit" name="test_赤字" time="0.000" /><testcase classname="tests.test_crypto.TestEncryptDecrypt" name="test_UT_60_ラウンドトリップ" time="0.000" /><testcase classname="tests.test_crypto.TestEncryptDecrypt" name="test_UT_61_日本語のラウンドトリップ" time="0.000" /><testcase classname="tests.test_crypto.TestEncryptDecrypt" name="test_UT_62_暗号文は毎回異なる" time="0.000" /><testcase classname="tests.test_crypto.TestEncryptDecrypt" name="test_UT_63_不正トークンはNone" time="0.000" /><testcase classname="tests.test_crypto.TestEncryptDecrypt" name="test_UT_64_空文字も往復可能" time="0.000" /><testcase classname="tests.test_crypto.TestEncryptDecrypt" name="test_UT_65_暗号文の改竄はNone" time="0.000" /><testcase classname="tests.test_dateutil.TestMonthStart" name="test_UT_70_月初に正規化" time="0.000" /><testcase classname="tests.test_dateutil.TestMonthStart" name="test_UT_71_月初はそのまま" time="0.000" /><testcase classname="tests.test_dateutil.TestMonthStart" name="test_UT_72_月末も月初へ" time="0.000" /><testcase classname="tests.test_dateutil.TestAddMonths" name="test_UT_73_月加算[d0-2-expected0]" time="0.001" /><testcase classname="tests.test_dateutil.TestAddMonths" name="test_UT_73_月加算[d1--1-expected1]" time="0.001" /><testcase classname="tests.test_dateutil.TestAddMonths" name="test_UT_73_月加算[d2-0-expected2]" time="0.001" /><testcase classname="tests.test_dateutil.TestAddMonths" name="test_UT_73_月加算[d3-12-expected3]" time="0.001" /><testcase classname="tests.test_dateutil.TestAddMonths" name="test_UT_73_月加算[d4--6-expected4]" time="0.000" /><testcase classname="tests.test_dateutil.TestAddMonths" name="test_UT_73_月加算[d5-1-expected5]" time="0.001" /><testcase classname="tests.test_dateutil.TestAddMonths" name="test_UT_74_大きな負の加算" time="0.000" /><testcase classname="tests.test_deps.TestCanEditResource" name="test_UT_50_adminは他人作成でもTrue" time="0.000" /><testcase classname="tests.test_deps.TestCanEditResource" name="test_UT_51_managerは他人作成でもTrue" time="0.000" /><testcase classname="tests.test_deps.TestCanEditResource" name="test_UT_52_salesは自分作成のみTrue" time="0.000" /><testcase classname="tests.test_deps.TestCanEditResource" name="test_UT_53_salesは他人作成でFalse" time="0.000" /><testcase classname="tests.test_deps.TestCanEditResource" name="test_UT_54_salesはcreated_by_NoneでFalse" time="0.000" /><testcase classname="tests.test_deps.TestCanEditResource" name="test_UT_55_adminはcreated_by_NoneでもTrue" time="0.000" /><testcase classname="tests.test_deps.TestEnsureCanEdit" name="test_UT_56_権限ありは例外なし" time="0.000" /><testcase classname="tests.test_deps.TestEnsureCanEdit" name="test_UT_57_権限なしは403" time="0.000" /><testcase classname="tests.test_rounding.TestToIntYen" name="test_UT_80_四捨五入[value0-1]" time="0.000" /><testcase classname="tests.test_rounding.TestToIntYen" name="test_UT_80_四捨五入[value1-0]" time="0.000" /><testcase classname="tests.test_rounding.TestToIntYen" name="test_UT_80_四捨五入[value2-1]" time="0.000" /><testcase classname="tests.test_rounding.TestToIntYen" name="test_UT_80_四捨五入[value3-2]" time="0.001" /><testcase classname="tests.test_rounding.TestToIntYen" name="test_UT_80_四捨五入[value4-3]" time="0.000" /><testcase classname="tests.test_rounding.TestToIntYen" name="test_UT_80_四捨五入[value5-100000]" time="0.001" /><testcase classname="tests.test_rounding.TestToIntYen" name="test_UT_80_四捨五入[value6-750000]" time="0.001" /><testcase classname="tests.test_rounding.TestToIntYen" name="test_UT_80_四捨五入[value7-750001]" time="0.000" /><testcase classname="tests.test_rounding.TestToIntYen" name="test_UT_81_負値の四捨五入" time="0.000" /><testcase classname="tests.test_security.TestToBytes" name="test_UT_30_短い文字列はそのままUTF8" time="0.000" /><testcase classname="tests.test_security.TestToBytes" name="test_UT_31_72バイト超は切詰" time="0.000" /><testcase classname="tests.test_security.TestToBytes" name="test_UT_32_72バイトちょうど" time="0.000" /><testcase classname="tests.test_security.TestToBytes" name="test_UT_33_空文字" time="0.000" /><testcase classname="tests.test_security.TestToBytes" name="test_UT_34_マルチバイト境界が壊れる_指摘事項" time="0.000" /><testcase classname="tests.test_security.TestPasswordHash" name="test_UT_35_正しいPWはTrue" time="0.386" /><testcase classname="tests.test_security.TestPasswordHash" name="test_UT_36_誤りPWはFalse" time="0.386" /><testcase classname="tests.test_security.TestPasswordHash" name="test_UT_37_同一PWの2回hashは別値だが両方検証可" time="0.771" /><testcase classname="tests.test_security.TestPasswordHash" name="test_UT_38_不正なhashed文字列はFalse" time="0.000" /><testcase classname="tests.test_security.TestPasswordHash" name="test_UT_39_73バイト超は先頭72一致で同一扱い" time="0.385" /><testcase classname="tests.test_security.TestPasswordHash" name="test_UT_40_hashはbcrypt形式" time="0.193" /><testcase classname="tests.test_security.TestJwt" name="test_UT_41_ラウンドトリップ" time="0.001" /><testcase classname="tests.test_security.TestJwt" name="test_UT_42_subjectはint入力でも文字列化" time="0.001" /><testcase classname="tests.test_security.TestJwt" name="test_UT_43_署名鍵不一致はNone" time="0.001" /><testcase classname="tests.test_security.TestJwt" name="test_UT_44_期限切れはNone" time="0.000" /><testcase classname="tests.test_security.TestJwt" name="test_UT_45_不正形式はNone" time="0.000" /></testsuite></testsuites>