<?xml version="1.0" encoding="utf-8"?><testsuites name="pytest tests"><testsuite name="pytest" errors="0" failures="0" skipped="0" tests="69" time="2.944" timestamp="2026-06-20T08:22:22.748226+09:00" hostname="DESKTOP-VTGD3OT"><testcase classname="tests.test_billing.TestRange" name="test_範囲内は固定単価" time="0.001" /><testcase classname="tests.test_billing.TestRange" name="test_下限ちょうどは固定単価" time="0.000" /><testcase classname="tests.test_billing.TestRange" name="test_上限ちょうどは固定単価" time="0.000" /><testcase classname="tests.test_billing.TestOvertime" name="test_超過は加算" time="0.000" /><testcase classname="tests.test_billing.TestOvertime" name="test_超過_小数時間" time="0.000" /><testcase classname="tests.test_billing.TestShortage" name="test_不足は控除" time="0.000" /><testcase classname="tests.test_billing.TestShortage" name="test_不足_小数時間" time="0.000" /><testcase classname="tests.test_billing.TestNullSettlement" name="test_精算幅なしは常に固定単価" time="0.001" /><testcase classname="tests.test_billing.TestNullSettlement" name="test_上限のみ設定" time="0.000" /><testcase classname="tests.test_billing.TestNullSettlement" name="test_下限のみ設定" time="0.000" /><testcase classname="tests.test_billing.TestEdge" name="test_金額は0未満にならない" time="0.000" /><testcase classname="tests.test_billing.TestEdge" name="test_超過控除レート0なら固定" time="0.000" /><testcase classname="tests.test_billing.TestEdge" name="test_境界パラメタ[140-600000]" time="0.000" /><testcase classname="tests.test_billing.TestEdge" name="test_境界パラメタ[160-600000]" time="0.000" /><testcase classname="tests.test_billing.TestEdge" name="test_境界パラメタ[180-600000]" time="0.000" /><testcase classname="tests.test_billing.TestEdge" name="test_境界パラメタ[181-603750]" time="0.000" /><testcase classname="tests.test_billing.TestEdge" name="test_境界パラメタ[139-596250]" time="0.000" /><testcase classname="tests.test_billing.TestGrossProfit" name="test_粗利と粗利率" time="0.000" /><testcase classname="tests.test_billing.TestGrossProfit" name="test_売上0なら率はNone" time="0.000" /><testcase classname="tests.test_billing.TestGrossProfit" name="test_赤字" time="0.000" /><testcase classname="tests.test_crypto.TestEncryptDecrypt" name="test_UT_60_ラウンドトリップ" time="0.002" /><testcase classname="tests.test_crypto.TestEncryptDecrypt" name="test_UT_61_日本語のラウンドトリップ" time="0.000" /><testcase classname="tests.test_crypto.TestEncryptDecrypt" name="test_UT_62_暗号文は毎回異なる" time="0.001" /><testcase classname="tests.test_crypto.TestEncryptDecrypt" name="test_UT_63_不正トークンはNone" time="0.000" /><testcase classname="tests.test_crypto.TestEncryptDecrypt" name="test_UT_64_空文字も往復可能" time="0.000" /><testcase classname="tests.test_crypto.TestEncryptDecrypt" name="test_UT_65_暗号文の改竄はNone" time="0.000" /><testcase classname="tests.test_dateutil.TestMonthStart" name="test_UT_70_月初に正規化" time="0.000" /><testcase classname="tests.test_dateutil.TestMonthStart" name="test_UT_71_月初はそのまま" time="0.000" /><testcase classname="tests.test_dateutil.TestMonthStart" name="test_UT_72_月末も月初へ" time="0.000" /><testcase classname="tests.test_dateutil.TestAddMonths" name="test_UT_73_月加算[d0-2-expected0]" time="0.001" /><testcase classname="tests.test_dateutil.TestAddMonths" name="test_UT_73_月加算[d1--1-expected1]" time="0.000" /><testcase classname="tests.test_dateutil.TestAddMonths" name="test_UT_73_月加算[d2-0-expected2]" time="0.000" /><testcase classname="tests.test_dateutil.TestAddMonths" name="test_UT_73_月加算[d3-12-expected3]" time="0.000" /><testcase classname="tests.test_dateutil.TestAddMonths" name="test_UT_73_月加算[d4--6-expected4]" time="0.000" /><testcase classname="tests.test_dateutil.TestAddMonths" name="test_UT_73_月加算[d5-1-expected5]" time="0.000" /><testcase classname="tests.test_dateutil.TestAddMonths" name="test_UT_74_大きな負の加算" time="0.000" /><testcase classname="tests.test_deps.TestCanEditResource" name="test_UT_50_adminは他人作成でもTrue" time="0.006" /><testcase classname="tests.test_deps.TestCanEditResource" name="test_UT_51_managerは他人作成でもTrue" time="0.000" /><testcase classname="tests.test_deps.TestCanEditResource" name="test_UT_52_salesは自分作成のみTrue" time="0.000" /><testcase classname="tests.test_deps.TestCanEditResource" name="test_UT_53_salesは他人作成でFalse" time="0.000" /><testcase classname="tests.test_deps.TestCanEditResource" name="test_UT_54_salesはcreated_by_NoneでFalse" time="0.000" /><testcase classname="tests.test_deps.TestCanEditResource" name="test_UT_55_adminはcreated_by_NoneでもTrue" time="0.001" /><testcase classname="tests.test_deps.TestEnsureCanEdit" name="test_UT_56_権限ありは例外なし" time="0.000" /><testcase classname="tests.test_deps.TestEnsureCanEdit" name="test_UT_57_権限なしは403" time="0.000" /><testcase classname="tests.test_rounding.TestToIntYen" name="test_UT_80_四捨五入[value0-1]" time="0.001" /><testcase classname="tests.test_rounding.TestToIntYen" name="test_UT_80_四捨五入[value1-0]" time="0.000" /><testcase classname="tests.test_rounding.TestToIntYen" name="test_UT_80_四捨五入[value2-1]" time="0.000" /><testcase classname="tests.test_rounding.TestToIntYen" name="test_UT_80_四捨五入[value3-2]" time="0.000" /><testcase classname="tests.test_rounding.TestToIntYen" name="test_UT_80_四捨五入[value4-3]" time="0.000" /><testcase classname="tests.test_rounding.TestToIntYen" name="test_UT_80_四捨五入[value5-100000]" time="0.000" /><testcase classname="tests.test_rounding.TestToIntYen" name="test_UT_80_四捨五入[value6-750000]" time="0.000" /><testcase classname="tests.test_rounding.TestToIntYen" name="test_UT_80_四捨五入[value7-750001]" time="0.000" /><testcase classname="tests.test_rounding.TestToIntYen" name="test_UT_81_負値の四捨五入" time="0.000" /><testcase classname="tests.test_security.TestToBytes" name="test_UT_30_短い文字列はそのままUTF8" time="0.000" /><testcase classname="tests.test_security.TestToBytes" name="test_UT_31_72バイト超は切詰" time="0.000" /><testcase classname="tests.test_security.TestToBytes" name="test_UT_32_72バイトちょうど" time="0.000" /><testcase classname="tests.test_security.TestToBytes" name="test_UT_33_空文字" time="0.000" /><testcase classname="tests.test_security.TestToBytes" name="test_UT_34_マルチバイト境界が壊れる_指摘事項" time="0.000" /><testcase classname="tests.test_security.TestPasswordHash" name="test_UT_35_正しいPWはTrue" time="0.386" /><testcase classname="tests.test_security.TestPasswordHash" name="test_UT_36_誤りPWはFalse" time="0.387" /><testcase classname="tests.test_security.TestPasswordHash" name="test_UT_37_同一PWの2回hashは別値だが両方検証可" time="0.773" /><testcase classname="tests.test_security.TestPasswordHash" name="test_UT_38_不正なhashed文字列はFalse" time="0.000" /><testcase classname="tests.test_security.TestPasswordHash" name="test_UT_39_73バイト超は先頭72一致で同一扱い" time="0.386" /><testcase classname="tests.test_security.TestPasswordHash" name="test_UT_40_hashはbcrypt形式" time="0.192" /><testcase classname="tests.test_security.TestJwt" name="test_UT_41_ラウンドトリップ" time="0.005" /><testcase classname="tests.test_security.TestJwt" name="test_UT_42_subjectはint入力でも文字列化" time="0.000" /><testcase classname="tests.test_security.TestJwt" name="test_UT_43_署名鍵不一致はNone" time="0.000" /><testcase classname="tests.test_security.TestJwt" name="test_UT_44_期限切れはNone" time="0.000" /><testcase classname="tests.test_security.TestJwt" name="test_UT_45_不正形式はNone" time="0.001" /></testsuite></testsuites>