<?xml version="1.0" encoding="utf-8"?><testsuites name="pytest tests"><testsuite name="pytest" errors="0" failures="0" skipped="0" tests="35" time="22.073" timestamp="2026-06-20T08:22:27.379593+09:00" hostname="DESKTOP-VTGD3OT"><testcase classname="tests.integration.test_auth" name="test_login成功でトークン取得" time="0.671" /><testcase classname="tests.integration.test_auth" name="test_login失敗_パスワード誤り" time="0.457" /><testcase classname="tests.integration.test_auth" name="test_認証なしは401" time="0.265" /><testcase classname="tests.integration.test_auth" name="test_me_で現在ユーザー取得" time="0.467" /><testcase classname="tests.integration.test_auth" name="test_ユーザー管理はadmin専用_salesは403" time="0.913" /><testcase classname="tests.integration.test_contracts_billing" name="test_上位下位の作成と紐づけ" time="0.519" /><testcase classname="tests.integration.test_contracts_billing" name="test_請求自動計算_範囲内超過不足" time="0.563" /><testcase classname="tests.integration.test_contracts_billing" name="test_稼働実績はupsert" time="0.516" /><testcase classname="tests.integration.test_contracts_billing" name="test_粗利算出" time="0.551" /><testcase classname="tests.integration.test_contracts_billing" name="test_更新リマインド" time="0.493" /><testcase classname="tests.integration.test_dashboard" name="test_稼働率と待機人数" time="0.503" /><testcase classname="tests.integration.test_dashboard" name="test_空でもエラーにならない" time="0.471" /><testcase classname="tests.integration.test_employees" name="test_社員作成と詳細取得" time="0.494" /><testcase classname="tests.integration.test_employees" name="test_サブリソース追加と集約" time="0.515" /><testcase classname="tests.integration.test_employees" name="test_マイナンバーは平文を返さない" time="0.483" /><testcase classname="tests.integration.test_employees" name="test_在留期限アラート抽出" time="0.487" /><testcase classname="tests.integration.test_employees" name="test_社員個人情報APIはsales不可managerは可_OUT08是正" time="1.355" /><testcase classname="tests.integration.test_engineers" name="test_作成と取得" time="0.473" /><testcase classname="tests.integration.test_engineers" name="test_一覧ページング" time="0.489" /><testcase classname="tests.integration.test_engineers" name="test_ステータスフィルタ" time="0.488" /><testcase classname="tests.integration.test_engineers" name="test_スキルフィルタ" time="0.489" /><testcase classname="tests.integration.test_engineers" name="test_更新" time="0.498" /><testcase classname="tests.integration.test_engineers" name="test_削除" time="0.480" /><testcase classname="tests.integration.test_engineers" name="test_RBAC_salesは他人の登録分を編集不可" time="1.290" /><testcase classname="tests.integration.test_engineers" name="test_RBAC_managerは他人の登録分も編集可" time="1.283" /><testcase classname="tests.integration.test_flows" name="test_IT25_基幹フローE2E" time="0.574" /><testcase classname="tests.integration.test_flows" name="test_IT26_請求確定後は再計算で金額据え置き" time="0.566" /><testcase classname="tests.integration.test_flows" name="test_IT27_稼働実績なしは単価で粗利算出" time="0.496" /><testcase classname="tests.integration.test_flows" name="test_IT28_稼働実績は契約月でupsertされ重複行を作らない" time="0.526" /><testcase classname="tests.integration.test_flows" name="test_IT29_マイナンバーは暗号化保存され平文を返さない" time="0.503" /><testcase classname="tests.integration.test_flows" name="test_IT30_契約作成はsales不可managerは可" time="1.292" /><testcase classname="tests.integration.test_flows" name="test_IT31_社員APIはsales不可_稼働請求は対象外で可_OUT08是正" time="0.917" /><testcase classname="tests.integration.test_flows" name="test_IT32_上位に下位が複数なら支払を合算する_PRE05" time="0.508" /><testcase classname="tests.integration.test_flows" name="test_IT33_無効化されたユーザーのトークンは401" time="0.892" /><testcase classname="tests.integration.test_flows" name="test_IT34_ダッシュボードは請求売上と更新アラートを集計" time="0.529" /></testsuite></testsuites>